<?xml version="1.0" encoding="UTF-8"?>
<testng-results skipped="0" failed="0" total="1" passed="1">
  <reporter-output>
  </reporter-output>
  <suite name="Default suite" duration-ms="23246" started-at="2020-02-24T05:15:15Z" finished-at="2020-02-24T05:15:38Z">
    <groups>
    </groups>
    <test name="Default test" duration-ms="23246" started-at="2020-02-24T05:15:15Z" finished-at="2020-02-24T05:15:38Z">
      <class name="com.test1.DemoA">
        <test-method status="PASS" signature="test()[pri:0, instance:com.test1.DemoA@8bd1b6a]" name="test" duration-ms="23125" started-at="2020-02-24T10:45:15Z" finished-at="2020-02-24T10:45:38Z">
          <reporter-output>
          </reporter-output>
        </test-method> <!-- test -->
      </class> <!-- com.test1.DemoA -->
    </test> <!-- Default test -->
  </suite> <!-- Default suite -->
</testng-results>
